<?xml version="1.0" encoding="UTF-8"?>
<!-- Generated by org.testng.reporters.JUnitXMLReporter -->
<testsuite hostname="HSNMM-KhyatiS" name="FlipkartSearch" tests="2" failures="0" timestamp="19 Feb 2017 08:52:36 GMT" time="0.085" errors="0">
  <testcase name="searchTestPass" time="0.018" classname="com.ecomm.Test.FlipkartSearchTest">
    <skipped/>
  </testcase> <!-- searchTestPass -->
  <testcase name="searchTestFail" time="0.015" classname="com.ecomm.Test.FlipkartSearchTest">
    <skipped/>
  </testcase> <!-- searchTestFail -->
</testsuite> <!-- FlipkartSearch -->
