<?xml version="1.0" encoding="UTF-8"?>
<testng-results skipped="0" failed="0" total="1" passed="1">
  <reporter-output>
  </reporter-output>
  <suite name="Default suite" duration-ms="20713" started-at="2017-02-23T12:43:05Z" finished-at="2017-02-23T12:43:25Z">
    <groups>
    </groups>
    <test name="Default test" duration-ms="20713" started-at="2017-02-23T12:43:05Z" finished-at="2017-02-23T12:43:25Z">
      <class name="com.ecomm.Test.FlipkartSearchTest">
        <test-method status="PASS" signature="browserSetup()[pri:0, instance:com.ecomm.Test.FlipkartSearchTest@254ce181]" name="browserSetup" is-config="true" duration-ms="9346" started-at="2017-02-23T18:12:55Z" finished-at="2017-02-23T18:13:05Z">
          <reporter-output>
          </reporter-output>
        </test-method> <!-- browserSetup -->
        <test-method status="PASS" signature="searchTestPass(java.lang.String, java.lang.String, java.lang.String)[pri:0, instance:com.ecomm.Test.FlipkartSearchTest@254ce181]" name="searchTestPass" duration-ms="20608" started-at="2017-02-23T18:13:05Z" description="Search Test" data-provider="laptop" finished-at="2017-02-23T18:13:25Z">
          <params>
            <param index="0">
              <value>
                <![CDATA[https://www.flipkart.com/]]>
              </value>
            </param>
            <param index="1">
              <value>
                <![CDATA[chrome]]>
              </value>
            </param>
            <param index="2">
              <value>
                <![CDATA[laptop]]>
              </value>
            </param>
          </params>
          <reporter-output>
          </reporter-output>
        </test-method> <!-- searchTestPass -->
        <test-method status="PASS" signature="driverClose()[pri:0, instance:com.ecomm.Test.FlipkartSearchTest@254ce181]" name="driverClose" is-config="true" duration-ms="753" started-at="2017-02-23T18:13:26Z" finished-at="2017-02-23T18:13:26Z">
          <reporter-output>
          </reporter-output>
        </test-method> <!-- driverClose -->
      </class> <!-- com.ecomm.Test.FlipkartSearchTest -->
    </test> <!-- Default test -->
  </suite> <!-- Default suite -->
</testng-results>
