<?xml version="1.0" encoding="UTF-8"?>
<testng-results skipped="0" failed="0" total="1" passed="1">
  <reporter-output>
  </reporter-output>
  <suite name="Default suite" duration-ms="21453" started-at="2017-02-21T10:43:13Z" finished-at="2017-02-21T10:43:34Z">
    <groups>
    </groups>
    <test name="Default test" duration-ms="21453" started-at="2017-02-21T10:43:13Z" finished-at="2017-02-21T10:43:34Z">
      <class name="com.ecomm.Test.FlipkartSearchTest">
        <test-method status="PASS" signature="searchTestPass(java.lang.String, java.lang.String, java.lang.String)[pri:0, instance:com.ecomm.Test.FlipkartSearchTest@73d74138]" name="searchTestPass" duration-ms="21417" started-at="2017-02-21T16:13:13Z" description="Search Test" data-provider="laptop" finished-at="2017-02-21T16:13:34Z">
          <params>
            <param index="0">
              <value>
                <![CDATA[https://www.flipkart.com/]]>
              </value>
            </param>
            <param index="1">
              <value>
                <![CDATA[chrome]]>
              </value>
            </param>
            <param index="2">
              <value>
                <![CDATA[laptop]]>
              </value>
            </param>
          </params>
          <reporter-output>
          </reporter-output>
        </test-method> <!-- searchTestPass -->
      </class> <!-- com.ecomm.Test.FlipkartSearchTest -->
      <class name="com.ecomm.Helper.Browser">
        <test-method status="PASS" signature="browserSetup()[pri:0, instance:com.ecomm.Helper.Browser@1404d7f0]" name="browserSetup" is-config="true" duration-ms="5678" started-at="2017-02-21T16:13:07Z" finished-at="2017-02-21T16:13:13Z">
          <reporter-output>
          </reporter-output>
        </test-method> <!-- browserSetup -->
        <test-method status="PASS" signature="driverClose()[pri:0, instance:com.ecomm.Helper.Browser@1404d7f0]" name="driverClose" is-config="true" duration-ms="536" started-at="2017-02-21T16:13:34Z" finished-at="2017-02-21T16:13:35Z">
          <reporter-output>
          </reporter-output>
        </test-method> <!-- driverClose -->
      </class> <!-- com.ecomm.Helper.Browser -->
    </test> <!-- Default test -->
  </suite> <!-- Default suite -->
</testng-results>
